================ Bug address_clause 
---------------- expected output
Standard_Output from gnat2goto address_clause:
----------At: Process_Declaration----------
----------Address representation clauses are not currently supported----------
N_Attribute_Definition_Clause "address" (Node_Id=2277) (source,analyzed)
 Sloc = 8303  address_clause.adb:5:4
 Chars = "address" (Name_Id=300000791)
 Name = N_Identifier "var_addr_1" (Node_Id=2274)
 Expression = N_Function_Call (Node_Id=2280)
 Entity = N_Defining_Identifier "var_addr_1" (Entity_Id=2264)
 Check_Address_Alignment = True
----------At: Process_Declaration----------
----------Address representation clauses are not currently supported----------
N_Attribute_Definition_Clause "address" (Node_Id=2295) (source,analyzed)
 Sloc = 8387  address_clause.adb:8:4
 Chars = "address" (Name_Id=300000791)
 Name = N_Identifier "var_addr_2" (Node_Id=2292)
 Expression = N_Function_Call (Node_Id=2302)
 Entity = N_Defining_Identifier "var_addr_2" (Entity_Id=2282)
 Check_Address_Alignment = True

[address_clause.assertion.1] line 12 Ada Check assertion: SUCCESS
[address_clause.assertion.2] line 12 assertion Var_Addr_1 + Var_Addr_2 = 3: SUCCESS
VERIFICATION SUCCESSFUL
---------------- actual output
Standard_Output from gnat2goto address_clause:
----------At: Process_Declaration----------
----------Address representation clauses are not currently supported----------
N_Attribute_Definition_Clause "address" (Node_Id=2277) (source,analyzed)
 Sloc = 12399  address_clause.adb:5:4
 Chars = "address" (Name_Id=300000791)
 Name = N_Identifier "var_addr_1" (Node_Id=2274)
 Expression = N_Function_Call (Node_Id=2280)
 Entity = N_Defining_Identifier "var_addr_1" (Entity_Id=2264)
 Check_Address_Alignment = True
----------At: Process_Declaration----------
----------Address representation clauses are not currently supported----------
N_Attribute_Definition_Clause "address" (Node_Id=2295) (source,analyzed)
 Sloc = 12483  address_clause.adb:8:4
 Chars = "address" (Name_Id=300000791)
 Name = N_Identifier "var_addr_2" (Node_Id=2292)
 Expression = N_Function_Call (Node_Id=2302)
 Entity = N_Defining_Identifier "var_addr_2" (Entity_Id=2282)
 Check_Address_Alignment = True

[address_clause.assertion.1] line 12 Ada Check assertion: SUCCESS
[address_clause.assertion.2] line 12 assertion Var_Addr_1 + Var_Addr_2 = 3: SUCCESS
VERIFICATION SUCCESSFUL
================ Bug attrib_size_indefinite 
---------------- expected output
Standard_Output from gnat2goto indefinite_size:
----------At: Do_Expression----------
----------Size attribute applied to indefinite type is implementation defined----------
N_Defining_Identifier "a" (Entity_Id=2259) (source,analyzed)
 Parent = N_Full_Type_Declaration (Node_Id=2270)
 Sloc = 8308  indefinite_size.adb:5:9
 Chars = "a" (Name_Id=300000099)
 Next_Entity = N_Defining_Operator_Symbol "Oconcat" (Entity_Id=2290)
 Scope = N_Defining_Identifier "indefinite_size" (Entity_Id=2245)
 Ekind = E_Array_Type
 Etype = N_Defining_Identifier "a" (Entity_Id=2259)
 Freeze_Node = N_Freeze_Entity (Node_Id=2311)
 Esize = 0 (Uint = 600032768)
 RM_Size = 0 (Uint = 600032768)
 Alignment = 0 (Uint = 600032768)
 First_Index = N_Identifier "positive" (Node_Id=2266)
 Component_Type = N_Defining_Identifier "integer" (Entity_Id=37s)
 Component_Size = 32 (Uint = 600032800)
 Component_Alignment = Calign_Default
 Has_Delayed_Freeze = True
 Has_Qualified_Name = True
 Has_Xref_Entry = True
 Is_First_Subtype = True
 Is_Frozen = True
 Needs_Debug_Info = True
 Referenced = True

[indefinite_size.assertion.1] line 8 assertion A'Size = 21: FAILURE
VERIFICATION FAILED
---------------- actual output
Standard_Output from gnat2goto indefinite_size:
----------At: Do_Expression----------
----------Size attribute applied to indefinite type is implementation defined----------
N_Defining_Identifier "a" (Entity_Id=2259) (source,analyzed)
 Parent = N_Full_Type_Declaration (Node_Id=2270)
 Sloc = 12404  indefinite_size.adb:5:9
 Chars = "a" (Name_Id=300000099)
 Next_Entity = N_Defining_Operator_Symbol "Oconcat" (Entity_Id=2290)
 Scope = N_Defining_Identifier "indefinite_size" (Entity_Id=2245)
 Ekind = E_Array_Type
 Etype = N_Defining_Identifier "a" (Entity_Id=2259)
 Freeze_Node = N_Freeze_Entity (Node_Id=2311)
 Esize = 0 (Uint = 600032768)
 RM_Size = 0 (Uint = 600032768)
 Alignment = 0 (Uint = 600032768)
 First_Index = N_Identifier "positive" (Node_Id=2266)
 Component_Type = N_Defining_Identifier "integer" (Entity_Id=37s)
 Component_Size = 32 (Uint = 600032800)
 Component_Alignment = Calign_Default
 Has_Delayed_Freeze = True
 Has_Qualified_Name = True
 Has_Xref_Entry = True
 Is_First_Subtype = True
 Is_Frozen = True
 Needs_Debug_Info = True
 Referenced = True

[indefinite_size.assertion.1] line 8 assertion A'Size = 21: FAILURE
VERIFICATION FAILED
================ Bug function_pointer 
---------------- expected output
Standard_Output from gnat2goto test:
----------At: Do_Itype_Definition----------
----------Unknown Ekind E_ACCESS_SUBTYPE----------
N_Defining_Identifier "T6b" (Entity_Id=2491)
 Parent = <empty>
 Sloc = 8480  test.adb:13:4
 Chars = "T6b" (Name_Id=300001463)
 Next_Entity = N_Defining_Identifier "assert_compare" (Entity_Id=2476)
 Scope = N_Defining_Identifier "test" (Entity_Id=2245)
 Ekind = E_Access_Subtype
 Etype = N_Defining_Identifier "comparator" (Entity_Id=2304)
 Associated_Node_For_Itype = N_Procedure_Specification (Node_Id=2473)
 Esize = 64 (Uint = 600032832)
 RM_Size = 64 (Uint = 600032832)
 Alignment = 4 (Uint = 600032772)
 Directly_Designated_Type = N_Defining_Identifier "T3b" (Entity_Id=2451)
 Can_Never_Be_Null = True
 Has_Qualified_Name = True
 Is_Frozen = True
 Is_Internal = True
 Is_Itype = True
 Size_Known_At_Compile_Time = True

[assert_compare.assertion.1] line 15 assertion Func.all(5): FAILURE
VERIFICATION FAILED
---------------- actual output
Standard_Output from gnat2goto test:
----------At: Do_Itype_Definition----------
----------Unknown Ekind E_ACCESS_SUBTYPE----------
N_Defining_Identifier "T6b" (Entity_Id=2491)
 Parent = <empty>
 Sloc = 12576  test.adb:13:4
 Chars = "T6b" (Name_Id=300001463)
 Next_Entity = N_Defining_Identifier "assert_compare" (Entity_Id=2476)
 Scope = N_Defining_Identifier "test" (Entity_Id=2245)
 Ekind = E_Access_Subtype
 Etype = N_Defining_Identifier "comparator" (Entity_Id=2304)
 Associated_Node_For_Itype = N_Procedure_Specification (Node_Id=2473)
 Esize = 64 (Uint = 600032832)
 RM_Size = 64 (Uint = 600032832)
 Alignment = 4 (Uint = 600032772)
 Directly_Designated_Type = N_Defining_Identifier "T3b" (Entity_Id=2451)
 Can_Never_Be_Null = True
 Has_Qualified_Name = True
 Is_Frozen = True
 Is_Internal = True
 Is_Itype = True
 Size_Known_At_Compile_Time = True

[assert_compare.assertion.1] line 15 assertion Func.all(5): FAILURE
VERIFICATION FAILED
================ Bug no_corresponding_spec 
---------------- expected output
Standard_Output from gnat2goto no_corresponding_spec:
----------At: Process_Pragma_Declaration----------
----------Unsupported pragma: Global----------
N_Pragma (Node_Id=2444) (analyzed)
 Sloc = 8446  no_corresponding_spec.adb:8:11
 Pragma_Argument_Associations = List (List_Id=-99999945)
 Corresponding_Aspect = N_Aspect_Specification (Node_Id=2279)
 Pragma_Identifier = N_Identifier "global" (Node_Id=2443)
 From_Aspect_Specification = True
 Is_Analyzed_Pragma = True

[assertion.1] file no_corresponding_spec.adb line 15 Ada Check assertion: SUCCESS
VERIFICATION SUCCESSFUL
---------------- actual output
Standard_Output from gnat2goto no_corresponding_spec:
----------At: Process_Pragma_Declaration----------
----------Unsupported pragma: Global----------
N_Pragma (Node_Id=2444) (analyzed)
 Sloc = 12542  no_corresponding_spec.adb:8:11
 Pragma_Argument_Associations = List (List_Id=-99999945)
 Corresponding_Aspect = N_Aspect_Specification (Node_Id=2279)
 Pragma_Identifier = N_Identifier "global" (Node_Id=2443)
 From_Aspect_Specification = True
 Is_Analyzed_Pragma = True

[assertion.1] file no_corresponding_spec.adb line 15 Ada Check assertion: SUCCESS
VERIFICATION SUCCESSFUL
================ Bug procedure_pointer 
---------------- expected output
Standard_Output from gnat2goto test:
----------At: Do_Itype_Definition----------
----------Unknown Ekind E_ACCESS_SUBTYPE----------
N_Defining_Identifier "T4b" (Entity_Id=2491)
 Parent = <empty>
 Sloc = 8525  test.adb:14:4
 Chars = "T4b" (Name_Id=300001462)
 Next_Entity = N_Defining_Identifier "assert_modify" (Entity_Id=2476)
 Scope = N_Defining_Identifier "test" (Entity_Id=2245)
 Ekind = E_Access_Subtype
 Etype = N_Defining_Identifier "modifier" (Entity_Id=2315)
 Associated_Node_For_Itype = N_Procedure_Specification (Node_Id=2473)
 Esize = 64 (Uint = 600032832)
 RM_Size = 64 (Uint = 600032832)
 Alignment = 4 (Uint = 600032772)
 Directly_Designated_Type = N_Defining_Identifier "T1b" (Entity_Id=2451)
 Can_Never_Be_Null = True
 Has_Qualified_Name = True
 Is_Frozen = True
 Is_Internal = True
 Is_Itype = True
 Size_Known_At_Compile_Time = True

[assert_modify.assertion.1] line 17 assertion Global_Number = 5: FAILURE
[increment_by.assertion.1] line 5 Ada Check assertion: SUCCESS
VERIFICATION FAILED
---------------- actual output
Standard_Output from gnat2goto test:
----------At: Do_Itype_Definition----------
----------Unknown Ekind E_ACCESS_SUBTYPE----------
N_Defining_Identifier "T4b" (Entity_Id=2491)
 Parent = <empty>
 Sloc = 12621  test.adb:14:4
 Chars = "T4b" (Name_Id=300001462)
 Next_Entity = N_Defining_Identifier "assert_modify" (Entity_Id=2476)
 Scope = N_Defining_Identifier "test" (Entity_Id=2245)
 Ekind = E_Access_Subtype
 Etype = N_Defining_Identifier "modifier" (Entity_Id=2315)
 Associated_Node_For_Itype = N_Procedure_Specification (Node_Id=2473)
 Esize = 64 (Uint = 600032832)
 RM_Size = 64 (Uint = 600032832)
 Alignment = 4 (Uint = 600032772)
 Directly_Designated_Type = N_Defining_Identifier "T1b" (Entity_Id=2451)
 Can_Never_Be_Null = True
 Has_Qualified_Name = True
 Is_Frozen = True
 Is_Internal = True
 Is_Itype = True
 Size_Known_At_Compile_Time = True

[assert_modify.assertion.1] line 17 assertion Global_Number = 5: FAILURE
[increment_by.assertion.1] line 5 Ada Check assertion: SUCCESS
VERIFICATION FAILED
